build/app/intermediates/manifest_merge_blame_file/debug/manifest-merger-blame-debug-report.txt
1<?xml version="1.0" encoding="utf-8"?>
2<manifest xmlns:android="http://schemas.android.com/apk/res/android"
3    package="com.example.contact_app"
4    android:versionCode="1"
5    android:versionName="1.0.0" >
6
7    <uses-sdk
8        android:minSdkVersion="21"
9        android:targetSdkVersion="30" />
10    <!--
11         The INTERNET permission is required for development. Specifically,
12         the Flutter tool needs it to communicate with the running application
13         to allow setting breakpoints, to provide hot reload, etc.
14    -->
15    <uses-permission android:name="android.permission.INTERNET" />
15-->src/debug/AndroidManifest.xml:7:5-66
15-->src/debug/AndroidManifest.xml:7:22-64
16    <!-- Although the *SdkVersion is captured in gradle build files, this is required for non gradle builds -->
17    <!-- <uses-sdk android:minSdkVersion="14" /> -->
18    <uses-permission android:name="android.permission.ACCESS_NETWORK_STATE" />
18-->[com.google.firebase:firebase-firestore:24.4.3] AndroidManifest.xml:12:5-79
18-->[com.google.firebase:firebase-firestore:24.4.3] AndroidManifest.xml:12:22-76
19    <uses-permission android:name="android.permission.WAKE_LOCK" />
19-->[com.google.android.gms:play-services-measurement-api:21.2.0] AndroidManifest.xml:24:5-68
19-->[com.google.android.gms:play-services-measurement-api:21.2.0] AndroidManifest.xml:24:22-65
20    <uses-permission android:name="com.google.android.gms.permission.AD_ID" />
20-->[com.google.android.gms:play-services-measurement-api:21.2.0] AndroidManifest.xml:25:5-79
20-->[com.google.android.gms:play-services-measurement-api:21.2.0] AndroidManifest.xml:25:22-76
21    <uses-permission android:name="com.google.android.finsky.permission.BIND_GET_INSTALL_REFERRER_SERVICE" />
21-->[com.google.android.gms:play-services-measurement:21.2.0] AndroidManifest.xml:26:5-110
21-->[com.google.android.gms:play-services-measurement:21.2.0] AndroidManifest.xml:26:22-107
22
23    <application
24        android:name="android.app.Application"
25        android:appComponentFactory="androidx.core.app.CoreComponentFactory"
25-->[androidx.core:core:1.6.0] AndroidManifest.xml:24:18-86
26        android:debuggable="true"
27        android:icon="@mipmap/ic_launcher"
28        android:label="contact_app" >
29        <activity
30            android:name="com.example.contact_app.MainActivity"
31            android:configChanges="orientation|keyboardHidden|keyboard|screenSize|smallestScreenSize|locale|layoutDirection|fontScale|screenLayout|density|uiMode"
32            android:exported="true"
33            android:hardwareAccelerated="true"
34            android:launchMode="singleTop"
35            android:theme="@style/LaunchTheme"
36            android:windowSoftInputMode="adjustResize" >
37
38            <!--
39                 Specifies an Android theme to apply to this Activity as soon as
40                 the Android process has started. This theme is visible to the user
41                 while the Flutter UI initializes. After that, this theme continues
42                 to determine the Window background behind the Flutter UI.
43            -->
44            <meta-data
45                android:name="io.flutter.embedding.android.NormalTheme"
46                android:resource="@style/NormalTheme" />
47
48            <intent-filter>
49                <action android:name="android.intent.action.MAIN" />
50
51                <category android:name="android.intent.category.LAUNCHER" />
52            </intent-filter>
53        </activity>
54        <!--
55             Don't delete the meta-data below.
56             This is used by the Flutter tool to generate GeneratedPluginRegistrant.java
57        -->
58        <meta-data
59            android:name="flutterEmbedding"
60            android:value="2" />
61
62        <service
62-->[:firebase_database] AndroidManifest.xml:10:9-14:19
63            android:name="com.google.firebase.components.ComponentDiscoveryService"
63-->[:firebase_database] AndroidManifest.xml:10:18-89
64            android:directBootAware="true"
64-->[com.google.firebase:firebase-common:20.3.0] AndroidManifest.xml:34:13-43
65            android:exported="false" >
65-->[com.google.firebase:firebase-analytics-ktx:21.2.0] AndroidManifest.xml:10:13-37
66            <meta-data
66-->[:firebase_database] AndroidManifest.xml:11:13-13:85
67                android:name="com.google.firebase.components:io.flutter.plugins.firebase.database.FlutterFirebaseAppRegistrar"
67-->[:firebase_database] AndroidManifest.xml:12:17-127
68                android:value="com.google.firebase.components.ComponentRegistrar" />
68-->[:firebase_database] AndroidManifest.xml:13:17-82
69            <meta-data
69-->[:cloud_firestore] AndroidManifest.xml:11:13-13:85
70                android:name="com.google.firebase.components:io.flutter.plugins.firebase.firestore.FlutterFirebaseFirestoreRegistrar"
70-->[:cloud_firestore] AndroidManifest.xml:12:17-134
71                android:value="com.google.firebase.components.ComponentRegistrar" />
71-->[:cloud_firestore] AndroidManifest.xml:13:17-82
72            <meta-data
72-->[:firebase_core] AndroidManifest.xml:11:13-13:85
73                android:name="com.google.firebase.components:io.flutter.plugins.firebase.core.FlutterFirebaseCoreRegistrar"
73-->[:firebase_core] AndroidManifest.xml:12:17-124
74                android:value="com.google.firebase.components.ComponentRegistrar" />
74-->[:firebase_core] AndroidManifest.xml:13:17-82
75            <meta-data
75-->[com.google.firebase:firebase-analytics-ktx:21.2.0] AndroidManifest.xml:11:13-13:85
76                android:name="com.google.firebase.components:com.google.firebase.analytics.ktx.FirebaseAnalyticsKtxRegistrar"
76-->[com.google.firebase:firebase-analytics-ktx:21.2.0] AndroidManifest.xml:12:17-126
77                android:value="com.google.firebase.components.ComponentRegistrar" />
77-->[com.google.firebase:firebase-analytics-ktx:21.2.0] AndroidManifest.xml:13:17-82
78            <meta-data
78-->[com.google.firebase:firebase-common-ktx:20.3.0] AndroidManifest.xml:14:13-16:85
79                android:name="com.google.firebase.components:com.google.firebase.ktx.FirebaseCommonKtxRegistrar"
79-->[com.google.firebase:firebase-common-ktx:20.3.0] AndroidManifest.xml:15:17-113
80                android:value="com.google.firebase.components.ComponentRegistrar" />
80-->[com.google.firebase:firebase-common-ktx:20.3.0] AndroidManifest.xml:16:17-82
81            <meta-data
81-->[com.google.firebase:firebase-firestore:24.4.3] AndroidManifest.xml:19:13-21:85
82                android:name="com.google.firebase.components:com.google.firebase.firestore.FirestoreRegistrar"
82-->[com.google.firebase:firebase-firestore:24.4.3] AndroidManifest.xml:20:17-111
83                android:value="com.google.firebase.components.ComponentRegistrar" />
83-->[com.google.firebase:firebase-firestore:24.4.3] AndroidManifest.xml:21:17-82
84            <meta-data
84-->[com.google.firebase:firebase-database:20.1.0] AndroidManifest.xml:31:13-33:85
85                android:name="com.google.firebase.components:com.google.firebase.database.DatabaseRegistrar"
85-->[com.google.firebase:firebase-database:20.1.0] AndroidManifest.xml:32:17-109
86                android:value="com.google.firebase.components.ComponentRegistrar" />
86-->[com.google.firebase:firebase-database:20.1.0] AndroidManifest.xml:33:17-82
87            <meta-data
87-->[com.google.android.gms:play-services-measurement-api:21.2.0] AndroidManifest.xml:31:13-33:85
88                android:name="com.google.firebase.components:com.google.firebase.analytics.connector.internal.AnalyticsConnectorRegistrar"
88-->[com.google.android.gms:play-services-measurement-api:21.2.0] AndroidManifest.xml:32:17-139
89                android:value="com.google.firebase.components.ComponentRegistrar" />
89-->[com.google.android.gms:play-services-measurement-api:21.2.0] AndroidManifest.xml:33:17-82
90            <meta-data
90-->[com.google.firebase:firebase-installations:17.1.2] AndroidManifest.xml:17:13-19:85
91                android:name="com.google.firebase.components:com.google.firebase.installations.FirebaseInstallationsRegistrar"
91-->[com.google.firebase:firebase-installations:17.1.2] AndroidManifest.xml:18:17-127
92                android:value="com.google.firebase.components.ComponentRegistrar" />
92-->[com.google.firebase:firebase-installations:17.1.2] AndroidManifest.xml:19:17-82
93        </service>
94
95        <activity
95-->[:url_launcher_android] AndroidManifest.xml:10:9-13:74
96            android:name="io.flutter.plugins.urllauncher.WebViewActivity"
96-->[:url_launcher_android] AndroidManifest.xml:11:13-74
97            android:exported="false"
97-->[:url_launcher_android] AndroidManifest.xml:12:13-37
98            android:theme="@android:style/Theme.NoTitleBar.Fullscreen" />
98-->[:url_launcher_android] AndroidManifest.xml:13:13-71
99
100        <uses-library
100-->[androidx.window:window:1.0.0-beta04] AndroidManifest.xml:25:9-27:40
101            android:name="androidx.window.extensions"
101-->[androidx.window:window:1.0.0-beta04] AndroidManifest.xml:26:13-54
102            android:required="false" />
102-->[androidx.window:window:1.0.0-beta04] AndroidManifest.xml:27:13-37
103        <uses-library
103-->[androidx.window:window:1.0.0-beta04] AndroidManifest.xml:28:9-30:40
104            android:name="androidx.window.sidecar"
104-->[androidx.window:window:1.0.0-beta04] AndroidManifest.xml:29:13-51
105            android:required="false" />
105-->[androidx.window:window:1.0.0-beta04] AndroidManifest.xml:30:13-37
106
107        <provider
107-->[com.google.firebase:firebase-common:20.3.0] AndroidManifest.xml:25:9-30:39
108            android:name="com.google.firebase.provider.FirebaseInitProvider"
108-->[com.google.firebase:firebase-common:20.3.0] AndroidManifest.xml:26:13-77
109            android:authorities="com.example.contact_app.firebaseinitprovider"
109-->[com.google.firebase:firebase-common:20.3.0] AndroidManifest.xml:27:13-72
110            android:directBootAware="true"
110-->[com.google.firebase:firebase-common:20.3.0] AndroidManifest.xml:28:13-43
111            android:exported="false"
111-->[com.google.firebase:firebase-common:20.3.0] AndroidManifest.xml:29:13-37
112            android:initOrder="100" />
112-->[com.google.firebase:firebase-common:20.3.0] AndroidManifest.xml:30:13-36
113
114        <activity
114-->[com.google.android.gms:play-services-base:18.0.1] AndroidManifest.xml:20:9-22:45
115            android:name="com.google.android.gms.common.api.GoogleApiActivity"
115-->[com.google.android.gms:play-services-base:18.0.1] AndroidManifest.xml:20:19-85
116            android:exported="false"
116-->[com.google.android.gms:play-services-base:18.0.1] AndroidManifest.xml:22:19-43
117            android:theme="@android:style/Theme.Translucent.NoTitleBar" />
117-->[com.google.android.gms:play-services-base:18.0.1] AndroidManifest.xml:21:19-78
118
119        <receiver
119-->[com.google.android.gms:play-services-measurement:21.2.0] AndroidManifest.xml:29:9-33:20
120            android:name="com.google.android.gms.measurement.AppMeasurementReceiver"
120-->[com.google.android.gms:play-services-measurement:21.2.0] AndroidManifest.xml:30:13-85
121            android:enabled="true"
121-->[com.google.android.gms:play-services-measurement:21.2.0] AndroidManifest.xml:31:13-35
122            android:exported="false" >
122-->[com.google.android.gms:play-services-measurement:21.2.0] AndroidManifest.xml:32:13-37
123        </receiver>
124
125        <service
125-->[com.google.android.gms:play-services-measurement:21.2.0] AndroidManifest.xml:35:9-38:40
126            android:name="com.google.android.gms.measurement.AppMeasurementService"
126-->[com.google.android.gms:play-services-measurement:21.2.0] AndroidManifest.xml:36:13-84
127            android:enabled="true"
127-->[com.google.android.gms:play-services-measurement:21.2.0] AndroidManifest.xml:37:13-35
128            android:exported="false" />
128-->[com.google.android.gms:play-services-measurement:21.2.0] AndroidManifest.xml:38:13-37
129        <service
129-->[com.google.android.gms:play-services-measurement:21.2.0] AndroidManifest.xml:39:9-43:72
130            android:name="com.google.android.gms.measurement.AppMeasurementJobService"
130-->[com.google.android.gms:play-services-measurement:21.2.0] AndroidManifest.xml:40:13-87
131            android:enabled="true"
131-->[com.google.android.gms:play-services-measurement:21.2.0] AndroidManifest.xml:41:13-35
132            android:exported="false"
132-->[com.google.android.gms:play-services-measurement:21.2.0] AndroidManifest.xml:42:13-37
133            android:permission="android.permission.BIND_JOB_SERVICE" />
133-->[com.google.android.gms:play-services-measurement:21.2.0] AndroidManifest.xml:43:13-69
134
135        <meta-data
135-->[com.google.android.gms:play-services-basement:18.1.0] AndroidManifest.xml:21:9-23:69
136            android:name="com.google.android.gms.version"
136-->[com.google.android.gms:play-services-basement:18.1.0] AndroidManifest.xml:22:13-58
137            android:value="@integer/google_play_services_version" />
137-->[com.google.android.gms:play-services-basement:18.1.0] AndroidManifest.xml:23:13-66
138    </application>
139
140</manifest>